app/build/intermediates/manifest_merge_blame_file/debug/manifest-merger-blame-debug-report.txt
1<?xml version="1.0" encoding="utf-8"?>
2<manifest xmlns:android="http://schemas.android.com/apk/res/android"
3    package="com.example.mobilebank"
4    android:versionCode="1"
5    android:versionName="1.0" >
6
7    <uses-sdk
8        android:minSdkVersion="29"
8-->src\main\AndroidManifest.xml
9        android:targetSdkVersion="31" />
9-->src\main\AndroidManifest.xml
10
11    <application
11-->src\main\AndroidManifest.xml:5:5-80:19
12        android:name="com.example.mobilebank.Data"
12-->src\main\AndroidManifest.xml:6:9-29
13        android:allowBackup="true"
13-->src\main\AndroidManifest.xml:7:9-35
14        android:appComponentFactory="androidx.core.app.CoreComponentFactory"
14-->[androidx.core:core:1.3.1] AndroidManifest.xml:24:18-86
15        android:debuggable="true"
16        android:extractNativeLibs="false"
17        android:icon="@mipmap/ic_launcher"
17-->src\main\AndroidManifest.xml:8:9-43
18        android:label="@string/app_name"
18-->src\main\AndroidManifest.xml:9:9-41
19        android:roundIcon="@mipmap/ic_launcher_round"
19-->src\main\AndroidManifest.xml:10:9-54
20        android:supportsRtl="true"
20-->src\main\AndroidManifest.xml:11:9-35
21        android:testOnly="true"
22        android:theme="@style/Theme.MobileBank" >
22-->src\main\AndroidManifest.xml:12:9-48
23        <activity
23-->src\main\AndroidManifest.xml:13:9-15:40
24            android:name="com.example.mobilebank.ui.dashboard.Remit.RemittanceRecord"
24-->src\main\AndroidManifest.xml:14:13-64
25            android:exported="false" />
25-->src\main\AndroidManifest.xml:15:13-37
26        <activity
26-->src\main\AndroidManifest.xml:16:9-18:40
27            android:name="com.example.mobilebank.ui.dashboard.Remit.RemittanceActivity"
27-->src\main\AndroidManifest.xml:17:13-66
28            android:exported="false" />
28-->src\main\AndroidManifest.xml:18:13-37
29        <activity
29-->src\main\AndroidManifest.xml:19:9-21:40
30            android:name="com.example.mobilebank.ui.dashboard.BillingRecords.Record"
30-->src\main\AndroidManifest.xml:20:13-63
31            android:exported="false" />
31-->src\main\AndroidManifest.xml:21:13-37
32        <activity
32-->src\main\AndroidManifest.xml:22:9-24:40
33            android:name="com.example.mobilebank.ui.showbankcard.addcard"
33-->src\main\AndroidManifest.xml:23:13-52
34            android:exported="false" />
34-->src\main\AndroidManifest.xml:24:13-37
35        <activity
35-->src\main\AndroidManifest.xml:25:9-27:40
36            android:name="com.example.mobilebank.ui.notifications.Account.Addcard"
36-->src\main\AndroidManifest.xml:26:13-61
37            android:exported="false" />
37-->src\main\AndroidManifest.xml:27:13-37
38        <activity
38-->src\main\AndroidManifest.xml:28:9-30:40
39            android:name="com.example.mobilebank.ui.login.Login_EnglishView"
39-->src\main\AndroidManifest.xml:29:13-55
40            android:exported="false" />
40-->src\main\AndroidManifest.xml:30:13-37
41        <activity
41-->src\main\AndroidManifest.xml:31:9-33:40
42            android:name="com.example.mobilebank.ui.login.Login_ForgetPsw"
42-->src\main\AndroidManifest.xml:32:13-53
43            android:exported="false" />
43-->src\main\AndroidManifest.xml:33:13-37
44        <activity
44-->src\main\AndroidManifest.xml:34:9-36:40
45            android:name="com.example.mobilebank.ui.login.Login_RegisterView"
45-->src\main\AndroidManifest.xml:35:13-56
46            android:exported="false" />
46-->src\main\AndroidManifest.xml:36:13-37
47        <activity
47-->src\main\AndroidManifest.xml:37:9-39:40
48            android:name="com.example.mobilebank.MainActivity"
48-->src\main\AndroidManifest.xml:38:13-41
49            android:exported="false" />
49-->src\main\AndroidManifest.xml:39:13-37
50        <activity
50-->src\main\AndroidManifest.xml:40:9-42:40
51            android:name="com.example.mobilebank.ui.dashboard.PayLife.Balance"
51-->src\main\AndroidManifest.xml:41:13-57
52            android:exported="false" />
52-->src\main\AndroidManifest.xml:42:13-37
53        <activity
53-->src\main\AndroidManifest.xml:43:9-45:40
54            android:name="com.example.mobilebank.ui.dashboard.PayLife.Payhistory"
54-->src\main\AndroidManifest.xml:44:13-60
55            android:exported="false" />
55-->src\main\AndroidManifest.xml:45:13-37
56        <activity
56-->src\main\AndroidManifest.xml:46:9-48:40
57            android:name="com.example.mobilebank.ui.dashboard.PayLife.CardTopUp"
57-->src\main\AndroidManifest.xml:47:13-59
58            android:exported="false" />
58-->src\main\AndroidManifest.xml:48:13-37
59        <activity
59-->src\main\AndroidManifest.xml:49:9-51:40
60            android:name="com.example.mobilebank.ui.dashboard.PayLife.Bankcard"
60-->src\main\AndroidManifest.xml:50:13-58
61            android:exported="false" />
61-->src\main\AndroidManifest.xml:51:13-37
62        <activity
62-->src\main\AndroidManifest.xml:52:9-54:40
63            android:name="com.example.mobilebank.ui.dashboard.PayLife.Cardinfo"
63-->src\main\AndroidManifest.xml:53:13-58
64            android:exported="false" />
64-->src\main\AndroidManifest.xml:54:13-37
65        <activity
65-->src\main\AndroidManifest.xml:55:9-57:40
66            android:name="com.example.mobilebank.ui.dashboard.PayLife.Cardfee"
66-->src\main\AndroidManifest.xml:56:13-57
67            android:exported="false" />
67-->src\main\AndroidManifest.xml:57:13-37
68        <activity
68-->src\main\AndroidManifest.xml:58:9-60:40
69            android:name="com.example.mobilebank.ui.dashboard.PayLife.Schoolfare"
69-->src\main\AndroidManifest.xml:59:13-60
70            android:exported="false" />
70-->src\main\AndroidManifest.xml:60:13-37
71        <activity
71-->src\main\AndroidManifest.xml:61:9-63:40
72            android:name="com.example.mobilebank.ui.dashboard.PayLife.Electricity"
72-->src\main\AndroidManifest.xml:62:13-61
73            android:exported="false" />
73-->src\main\AndroidManifest.xml:63:13-37
74        <activity
74-->src\main\AndroidManifest.xml:64:9-66:40
75            android:name="com.example.mobilebank.ui.dashboard.PayLife.Waterfee"
75-->src\main\AndroidManifest.xml:65:13-58
76            android:exported="false" />
76-->src\main\AndroidManifest.xml:66:13-37
77        <activity
77-->src\main\AndroidManifest.xml:67:9-69:40
78            android:name="com.example.mobilebank.ui.dashboard.PayLife.Pay"
78-->src\main\AndroidManifest.xml:68:13-53
79            android:exported="false" />
79-->src\main\AndroidManifest.xml:69:13-37
80        <activity
80-->src\main\AndroidManifest.xml:70:9-79:20
81            android:name="com.example.mobilebank.ui.login.Login_MainActivity"
81-->src\main\AndroidManifest.xml:71:13-56
82            android:exported="true"
82-->src\main\AndroidManifest.xml:72:13-36
83            android:label="@string/app_name" >
83-->src\main\AndroidManifest.xml:73:13-45
84            <intent-filter>
84-->src\main\AndroidManifest.xml:74:13-78:29
85                <action android:name="android.intent.action.MAIN" />
85-->src\main\AndroidManifest.xml:75:17-69
85-->src\main\AndroidManifest.xml:75:25-66
86
87                <category android:name="android.intent.category.LAUNCHER" />
87-->src\main\AndroidManifest.xml:77:17-77
87-->src\main\AndroidManifest.xml:77:27-74
88            </intent-filter>
89        </activity>
90    </application>
91
92</manifest>